calender/build/outputs/logs/manifest-merger-debug-report.txt
-- Merging decision tree log ---
manifest
ADDED from calender\AndroidManifest.xml:1:1-3:12
INJECTED from calender\AndroidManifest.xml:1:1-3:12
INJECTED from calender\AndroidManifest.xml:1:1-3:12
	package
		ADDED from calender\AndroidManifest.xml:1:11-46
		INJECTED from calender\AndroidManifest.xml
		INJECTED from calender\AndroidManifest.xml